========== 2025-08-01 21:28:02 ==========
Mensaje de commit (dejar vacío para 'Auto-commit'): Haciendo commit...
[main 7fce75f] Auto-commit: 2025-08-01 21:28:02
 2 files changed, 1 insertion(+)
 create mode 100644 push.log
 mode change 100644 => 100755 push.sh
Haciendo push...
branch 'main' set up to track 'origin/main'.
[2025-08-01 21:28:02] ✅ Push exitoso
========== 2025-08-01 22:44:03 ==========
Mensaje de commit (dejar vacío para 'Auto-commit'): Haciendo commit...
[main 9fefae3] Patata: 2025-08-01 22:44:03
 11 files changed, 710 insertions(+), 25 deletions(-)
 create mode 100644 i3/.config/i3/config
 create mode 100644 i3/.config/i3/i3blocks.conf
 create mode 100644 i3/.config/i3/scripts/disk
 create mode 100755 i3/.config/i3/scripts/lock
 create mode 100644 i3/.config/i3/scripts/memory
 create mode 100644 i3/.config/i3/scripts/spotify.py
 create mode 100644 i3/.config/i3/scripts/volume
 create mode 100644 i3status/.config/i3status/i3status.conf
Haciendo push...
branch 'main' set up to track 'origin/main'.
[2025-08-01 22:44:03]  Push exitoso
========== 2025-08-01 22:55:04 ==========
Mensaje de commit (dejar vacío para 'Auto-commit'): Haciendo commit...
[main ee95259] Patata: 2025-08-01 22:55:04
 4 files changed, 52 insertions(+), 37 deletions(-)
 rename {i3/.config/i3 => i3status/.config/i3status}/i3blocks.conf (100%)
Haciendo push...
branch 'main' set up to track 'origin/main'.
[2025-08-01 22:55:04]  Push exitoso
========== 2025-08-02 21:17:53 ==========
Mensaje de commit (dejar vacío para 'Auto-commit'): Haciendo commit...
[main 4fd7513] Patata: 2025-08-02 21:17:53
 9 files changed, 175 insertions(+), 461 deletions(-)
 rename i3/.config/i3/scripts/{lock => lock.sh} (100%)
 create mode 100755 i3/.config/i3/scripts/natscroll.sh
 create mode 100644 picom/.config/picom/picom.conf
 delete mode 100644 r.md
Haciendo push...
branch 'main' set up to track 'origin/main'.
[2025-08-02 21:17:53]  Push exitoso
========== 2025-08-02 22:56:44 ==========
Mensaje de commit (dejar vacío para 'Auto-commit'): Haciendo commit...
[main 4db0ebc] Patata: 2025-08-02 22:56:44
 4 files changed, 23 insertions(+), 4 deletions(-)
Haciendo push...
branch 'main' set up to track 'origin/main'.
[2025-08-02 22:56:44]  Push exitoso
========== 2025-08-02 23:31:40 ==========
Mensaje de commit (dejar vacío para 'Auto-commit'): Haciendo commit...
[main eaa4e5a] Patata: 2025-08-02 23:31:40
 2 files changed, 2 insertions(+), 1 deletion(-)
Haciendo push...
branch 'main' set up to track 'origin/main'.
[2025-08-02 23:31:40]  Push exitoso
========== 2025-08-03 22:34:16 ==========
Mensaje de commit (dejar vacío para 'Auto-commit'): Haciendo commit...
[main 54704d7] Patata: 2025-08-03 22:34:16
 3 files changed, 13 insertions(+), 3 deletions(-)
Haciendo push...
branch 'main' set up to track 'origin/main'.
[2025-08-03 22:34:16]  Push exitoso
